0 info it worked if it ends with ok
1 verbose cli [ '/home/gm/.nvm/v0.10.33/bin/node',
1 verbose cli   '/home/gm/.nvm/v0.10.33/bin/npm',
1 verbose cli   'install',
1 verbose cli   '--save-dev',
1 verbose cli   'blancket' ]
2 info using npm@1.4.28
3 info using node@v0.10.33
4 warn package.json gm@ No description
5 warn package.json gm@ No repository field.
6 warn package.json gm@ No README data
7 warn package.json v@0.0.9 No repository field.
8 warn package.json path@0.11.14 path is also the name of a node core module.
9 verbose readDependencies using package.json deps
10 verbose cache add [ 'blancket', null ]
11 verbose cache add name=undefined spec="blancket" args=["blancket",null]
12 verbose parsed url { protocol: null,
12 verbose parsed url   slashes: null,
12 verbose parsed url   auth: null,
12 verbose parsed url   host: null,
12 verbose parsed url   port: null,
12 verbose parsed url   hostname: null,
12 verbose parsed url   hash: null,
12 verbose parsed url   search: null,
12 verbose parsed url   query: null,
12 verbose parsed url   pathname: 'blancket',
12 verbose parsed url   path: 'blancket',
12 verbose parsed url   href: 'blancket' }
13 silly lockFile bd98a358-blancket blancket
14 verbose lock blancket /home/gm/.npm/bd98a358-blancket.lock
15 silly lockFile bd98a358-blancket blancket
16 silly lockFile bd98a358-blancket blancket
17 verbose addNamed [ 'blancket', '' ]
18 verbose addNamed [ null, '*' ]
19 silly lockFile 3724acf2-blancket blancket@
20 verbose lock blancket@ /home/gm/.npm/3724acf2-blancket.lock
21 silly addNameRange { name: 'blancket', range: '*', hasData: false }
22 verbose request where is /blancket
23 verbose request registry https://registry.npmjs.org/
24 verbose request id 300b2455ce591634
25 verbose url raw /blancket
26 verbose url resolving [ 'https://registry.npmjs.org/', './blancket' ]
27 verbose url resolved https://registry.npmjs.org/blancket
28 verbose request where is https://registry.npmjs.org/blancket
29 info trying registry request attempt 1 at 18:06:28
30 http GET https://registry.npmjs.org/blancket
31 http 404 https://registry.npmjs.org/blancket
32 verbose headers { date: 'Mon, 20 Apr 2015 10:06:29 GMT',
32 verbose headers   server: 'CouchDB/1.5.0 (Erlang OTP/R16B03)',
32 verbose headers   'content-type': 'application/json',
32 verbose headers   'cache-control': 'max-age=0',
32 verbose headers   'content-length': '51',
32 verbose headers   'accept-ranges': 'bytes',
32 verbose headers   via: '1.1 varnish',
32 verbose headers   age: '0',
32 verbose headers   'x-served-by': 'cache-hkg6821-HKG',
32 verbose headers   'x-cache': 'MISS',
32 verbose headers   'x-cache-hits': '0',
32 verbose headers   'x-timer': 'S1429524389.185075,VS0,VE166',
32 verbose headers   'keep-alive': 'timeout=10, max=50',
32 verbose headers   connection: 'Keep-Alive' }
33 silly registry.get cb [ 404,
33 silly registry.get   { date: 'Mon, 20 Apr 2015 10:06:29 GMT',
33 silly registry.get     server: 'CouchDB/1.5.0 (Erlang OTP/R16B03)',
33 silly registry.get     'content-type': 'application/json',
33 silly registry.get     'cache-control': 'max-age=0',
33 silly registry.get     'content-length': '51',
33 silly registry.get     'accept-ranges': 'bytes',
33 silly registry.get     via: '1.1 varnish',
33 silly registry.get     age: '0',
33 silly registry.get     'x-served-by': 'cache-hkg6821-HKG',
33 silly registry.get     'x-cache': 'MISS',
33 silly registry.get     'x-cache-hits': '0',
33 silly registry.get     'x-timer': 'S1429524389.185075,VS0,VE166',
33 silly registry.get     'keep-alive': 'timeout=10, max=50',
33 silly registry.get     connection: 'Keep-Alive' } ]
34 silly lockFile 3724acf2-blancket blancket@
35 silly lockFile 3724acf2-blancket blancket@
36 error 404 404 Not Found: blancket
36 error 404
36 error 404 'blancket' is not in the npm registry.
36 error 404 You should bug the author to publish it
36 error 404 It was specified as a dependency of 'gm'
36 error 404
36 error 404 Note that you can also install from a
36 error 404 tarball, folder, or http url, or git url.
37 error System Linux 3.13.0-49-generic
38 error command "/home/gm/.nvm/v0.10.33/bin/node" "/home/gm/.nvm/v0.10.33/bin/npm" "install" "--save-dev" "blancket"
39 error cwd /home/gm/NetBeansProjects/AngularJSUI_NgGrid/app
40 error node -v v0.10.33
41 error npm -v 1.4.28
42 error code E404
43 verbose exit [ 1, true ]
